2020-10-28 23:51:49: [DEBUG]: asyncio: Using selector: EpollSelector ( selector_events.py:59)
2020-10-28 23:51:49: [DEBUG]: asyncio: Using selector: EpollSelector ( selector_events.py:59)
2020-10-28 23:51:49: [INFO]: django.utils.autoreload: Watching for file changes with StatReloader ( autoreload.py:613)
2020-10-28 23:51:55: [INFO]: django.server: "GET / HTTP/1.1" 200 26131 ( basehttp.py:157)
2020-10-28 23:51:55: [INFO]: django.server: "GET /static/js/common.js HTTP/1.1" 304 0 ( basehttp.py:157)
2020-10-28 23:51:55: [INFO]: django.server: "GET /static/js/multi-countdown.js HTTP/1.1" 304 0 ( basehttp.py:157)
2020-10-28 23:51:55: [INFO]: django.server: "GET /static/img/arsenalna.jpg HTTP/1.1" 200 35650 ( basehttp.py:157)
2020-10-28 23:51:55: [INFO]: django.server: "GET /static/img/kiev.jpg HTTP/1.1" 200 32328 ( basehttp.py:157)
2020-10-28 23:51:55: [INFO]: django.server: "GET /static/img/smu.jpg HTTP/1.1" 200 38142 ( basehttp.py:157)
2020-10-28 23:51:55: [INFO]: django.server: "GET /static/img/katran.png HTTP/1.1" 200 11550 ( basehttp.py:157)
2020-10-28 23:51:55: [INFO]: django.server: "GET /static/img/charlotte.jpg HTTP/1.1" 200 31792 ( basehttp.py:157)
2020-10-28 23:51:55: [INFO]: django.server: "GET /static/img/kfkg.jpeg HTTP/1.1" 200 11333 ( basehttp.py:157)
2020-10-28 23:51:55: [INFO]: django.server: "GET /static/img/fiesta.jpg HTTP/1.1" 200 17947 ( basehttp.py:157)
2020-10-28 23:51:55: [INFO]: django.server: "GET /static/img/kiev-info.jpg HTTP/1.1" 200 7797 ( basehttp.py:157)
2020-10-28 23:51:55: [INFO]: django.server: "GET /static/img/temp_logo.png HTTP/1.1" 304 0 ( basehttp.py:157)
2020-10-28 23:51:55: [INFO]: django.server: "GET /static/img/patriot.jpg HTTP/1.1" 200 53583 ( basehttp.py:157)
2020-10-28 23:51:55: [INFO]: django.server: "GET /static/img/arsenal.jpg HTTP/1.1" 200 40856 ( basehttp.py:157)
2020-10-28 23:51:55: [INFO]: django.server: "GET /static/img/fenix.png HTTP/1.1" 200 120161 ( basehttp.py:157)
2020-10-28 23:51:55: [INFO]: django.server: "GET /static/img/voshod.png HTTP/1.1" 200 21138 ( basehttp.py:157)
2020-10-28 23:51:55: [INFO]: django.server: "GET /static/img/hfllogo.jpg HTTP/1.1" 200 30640 ( basehttp.py:157)
2020-10-28 23:51:55: [INFO]: django.server: "GET /media/blogs/%D0%A1%D0%BD%D0%B8%D0%BC%D0%BE%D0%BA.JPG HTTP/1.1" 200 54006 ( basehttp.py:157)
2020-10-28 23:51:55: [INFO]: django.server: "GET /media/blogs/photo_2019-11-09_13-11-36.jpg HTTP/1.1" 200 136596 ( basehttp.py:157)
2020-10-28 23:51:55: [INFO]: django.server: "GET /media/blogs/dinaz.jpg HTTP/1.1" 200 49164 ( basehttp.py:157)
2020-10-28 23:52:08: [INFO]: django.server: "GET /blog/ HTTP/1.1" 200 17174 ( basehttp.py:157)
2020-10-28 23:52:08: [INFO]: django.server: "GET /media/blogs/%D0%B3%D1%81%D0%B4.jpg HTTP/1.1" 200 86684 ( basehttp.py:157)
2020-10-28 23:52:11: [INFO]: django.server: "GET /scoreboard/ HTTP/1.1" 200 19497 ( basehttp.py:157)
2020-10-28 23:52:13: [INFO]: django.server: "GET /squad/ HTTP/1.1" 200 39028 ( basehttp.py:157)
2020-10-28 23:52:13: [INFO]: django.server: "GET /static/img/crown.svg HTTP/1.1" 200 5443 ( basehttp.py:157)
2020-10-28 23:52:14: [INFO]: django.server: "GET /media/squad/roma.jpg HTTP/1.1" 200 80547 ( basehttp.py:157)
2020-10-28 23:52:14: [INFO]: django.server: "GET /media/squad/deka.jpg HTTP/1.1" 200 84527 ( basehttp.py:157)
2020-10-28 23:52:14: [INFO]: django.server: "GET /media/squad/horhol.jpg HTTP/1.1" 200 71536 ( basehttp.py:157)
2020-10-28 23:52:14: [INFO]: django.server: "GET /media/squad/patron.jpg HTTP/1.1" 200 105894 ( basehttp.py:157)
2020-10-28 23:52:14: [INFO]: django.server: "GET /media/squad/dymon.jpg HTTP/1.1" 200 93170 ( basehttp.py:157)
2020-10-28 23:52:14: [INFO]: django.server: "GET /media/squad/bateha.jpg HTTP/1.1" 200 106078 ( basehttp.py:157)
2020-10-28 23:52:14: [INFO]: django.server: "GET /media/squad/toha.jpg HTTP/1.1" 200 107189 ( basehttp.py:157)
2020-10-28 23:52:14: [INFO]: django.server: "GET /media/squad/groh.jpg HTTP/1.1" 200 79069 ( basehttp.py:157)
2020-10-28 23:52:14: [INFO]: django.server: "GET /media/squad/guz.jpg HTTP/1.1" 200 80329 ( basehttp.py:157)
2020-10-28 23:52:14: [INFO]: django.server: "GET /media/squad/sharapa.jpg HTTP/1.1" 200 86396 ( basehttp.py:157)
2020-10-28 23:52:14: [INFO]: django.server: "GET /media/squad/klym.jpg HTTP/1.1" 200 141558 ( basehttp.py:157)
2020-10-28 23:52:14: [INFO]: django.server: "GET /media/squad/griz.jpg HTTP/1.1" 200 86350 ( basehttp.py:157)
2020-10-28 23:52:14: [INFO]: django.server: "GET /media/squad/el.png HTTP/1.1" 200 410669 ( basehttp.py:157)
2020-10-28 23:52:14: [INFO]: django.server: "GET /media/squad/tarbeat.jpg HTTP/1.1" 200 83935 ( basehttp.py:157)
2020-10-28 23:52:14: [INFO]: django.server: "GET /media/squad/senya.jpg HTTP/1.1" 200 105522 ( basehttp.py:157)
2020-10-28 23:52:14: [INFO]: django.server: "GET /media/squad/tariq.jpg HTTP/1.1" 200 81309 ( basehttp.py:157)
2020-10-28 23:52:14: [INFO]: django.server: "GET /media/squad/dava.jpg HTTP/1.1" 200 86678 ( basehttp.py:157)
2020-10-28 23:52:14: [INFO]: django.server: "GET /media/squad/burd.jpg HTTP/1.1" 200 80631 ( basehttp.py:157)
2020-10-28 23:52:14: [INFO]: django.server: "GET /media/squad/mal.jpg HTTP/1.1" 200 88798 ( basehttp.py:157)
2020-10-28 23:52:14: [INFO]: django.server: "GET /media/squad/aften.jpg HTTP/1.1" 200 95390 ( basehttp.py:157)
2020-10-28 23:52:14: [INFO]: django.server: "GET /media/squad/plaha.jpg HTTP/1.1" 200 114302 ( basehttp.py:157)
2020-10-28 23:52:14: [INFO]: django.server: "GET /media/squad/5e70d7b585efb_thumb.jpg HTTP/1.1" 200 95457 ( basehttp.py:157)
2020-10-28 23:52:14: [INFO]: django.server: "GET /media/squad/vlasiuk.jpg HTTP/1.1" 200 84865 ( basehttp.py:157)
2020-10-28 23:52:14: [INFO]: django.server: "GET /media/squad/byh.jpg HTTP/1.1" 200 74807 ( basehttp.py:157)
2020-10-28 23:52:14: [INFO]: django.server: "GET /media/squad/garry.jpg HTTP/1.1" 200 87010 ( basehttp.py:157)
2020-10-28 23:52:14: [INFO]: django.server: "GET /media/squad/photo_2020-10-21_16-13-40.jpg HTTP/1.1" 200 82675 ( basehttp.py:157)
2020-10-28 23:52:14: [INFO]: django.server: "GET /media/squad/alex.jpg HTTP/1.1" 200 106271 ( basehttp.py:157)
2020-10-28 23:52:16: [WARNING]: nplusone: Potential n+1 query detected on `Prediction.user` ( notifiers.py:40)
2020-10-28 23:52:16: [WARNING]: nplusone: Potential n+1 query detected on `Prediction.forecast` ( notifiers.py:40)
2020-10-28 23:52:16: [WARNING]: nplusone: Potential n+1 query detected on `Prediction.user` ( notifiers.py:40)
2020-10-28 23:52:16: [WARNING]: nplusone: Potential n+1 query detected on `Prediction.forecast` ( notifiers.py:40)
2020-10-28 23:52:16: [INFO]: django.server: "GET /account/ HTTP/1.1" 200 14971 ( basehttp.py:157)
2020-10-28 23:52:16: [INFO]: django.server: "GET /static/favicon.ico HTTP/1.1" 200 15406 ( basehttp.py:157)
2020-10-28 23:53:24: [INFO]: django.utils.autoreload: /home/tarn/Desktop/temp-website/apps/users/views.py changed, reloading. ( autoreload.py:236)
2020-10-28 23:53:25: [DEBUG]: asyncio: Using selector: EpollSelector ( selector_events.py:59)
2020-10-28 23:53:25: [INFO]: django.utils.autoreload: Watching for file changes with StatReloader ( autoreload.py:613)
2020-10-28 23:53:26: [WARNING]: nplusone: Potential n+1 query detected on `Prediction.user` ( notifiers.py:40)
2020-10-28 23:53:26: [WARNING]: nplusone: Potential n+1 query detected on `Prediction.forecast` ( notifiers.py:40)
2020-10-28 23:53:26: [WARNING]: nplusone: Potential n+1 query detected on `Prediction.user` ( notifiers.py:40)
2020-10-28 23:53:26: [WARNING]: nplusone: Potential n+1 query detected on `Prediction.forecast` ( notifiers.py:40)
2020-10-28 23:53:26: [INFO]: django.server: "GET /account/ HTTP/1.1" 200 14971 ( basehttp.py:157)
2020-10-28 23:53:27: [INFO]: django.server: "GET /static/js/common.js HTTP/1.1" 304 0 ( basehttp.py:157)
2020-10-28 23:53:27: [INFO]: django.server: "GET /static/img/temp_logo.png HTTP/1.1" 304 0 ( basehttp.py:157)
2020-10-28 23:53:27: [INFO]: django.server: "GET /media/avatars/569000_the-sound-of-perseverance-hd-wallpapers_1920x1080_h.jpg HTTP/1.1" 304 0 ( basehttp.py:157)
2020-10-28 23:53:31: [INFO]: django.utils.autoreload: /home/tarn/Desktop/temp-website/apps/users/views.py changed, reloading. ( autoreload.py:236)
2020-10-28 23:53:32: [DEBUG]: asyncio: Using selector: EpollSelector ( selector_events.py:59)
2020-10-28 23:53:32: [INFO]: django.utils.autoreload: Watching for file changes with StatReloader ( autoreload.py:613)
2020-10-28 23:53:33: [WARNING]: nplusone: Potential n+1 query detected on `Prediction.user` ( notifiers.py:40)
2020-10-28 23:53:33: [WARNING]: nplusone: Potential n+1 query detected on `Prediction.forecast` ( notifiers.py:40)
2020-10-28 23:53:33: [WARNING]: nplusone: Potential n+1 query detected on `Prediction.user` ( notifiers.py:40)
2020-10-28 23:53:33: [WARNING]: nplusone: Potential n+1 query detected on `Prediction.forecast` ( notifiers.py:40)
2020-10-28 23:53:33: [INFO]: django.server: "GET /account/ HTTP/1.1" 200 14971 ( basehttp.py:157)
2020-10-28 23:53:33: [INFO]: django.server: "GET /static/js/common.js HTTP/1.1" 304 0 ( basehttp.py:157)
2020-10-28 23:53:33: [INFO]: django.server: "GET /static/img/temp_logo.png HTTP/1.1" 304 0 ( basehttp.py:157)
2020-10-28 23:53:33: [INFO]: django.server: "GET /media/avatars/569000_the-sound-of-perseverance-hd-wallpapers_1920x1080_h.jpg HTTP/1.1" 304 0 ( basehttp.py:157)
2020-10-28 23:54:04: [INFO]: django.utils.autoreload: /home/tarn/Desktop/temp-website/apps/users/views.py changed, reloading. ( autoreload.py:236)
2020-10-28 23:54:04: [DEBUG]: asyncio: Using selector: EpollSelector ( selector_events.py:59)
2020-10-28 23:54:04: [INFO]: django.utils.autoreload: Watching for file changes with StatReloader ( autoreload.py:613)
2020-10-28 23:54:06: [WARNING]: nplusone: Potential n+1 query detected on `Prediction.forecast` ( notifiers.py:40)
2020-10-28 23:54:06: [WARNING]: nplusone: Potential n+1 query detected on `Prediction.forecast` ( notifiers.py:40)
2020-10-28 23:54:06: [INFO]: django.server: "GET /account/ HTTP/1.1" 200 14971 ( basehttp.py:157)
2020-10-28 23:54:07: [INFO]: django.server: "GET /static/js/common.js HTTP/1.1" 304 0 ( basehttp.py:157)
2020-10-28 23:54:07: [INFO]: django.server: "GET /static/img/temp_logo.png HTTP/1.1" 304 0 ( basehttp.py:157)
2020-10-28 23:54:07: [INFO]: django.server: "GET /media/avatars/569000_the-sound-of-perseverance-hd-wallpapers_1920x1080_h.jpg HTTP/1.1" 304 0 ( basehttp.py:157)
2020-10-28 23:54:17: [INFO]: django.utils.autoreload: /home/tarn/Desktop/temp-website/apps/users/views.py changed, reloading. ( autoreload.py:236)
2020-10-28 23:54:18: [DEBUG]: asyncio: Using selector: EpollSelector ( selector_events.py:59)
2020-10-28 23:54:18: [INFO]: django.utils.autoreload: Watching for file changes with StatReloader ( autoreload.py:613)
2020-10-28 23:54:19: [ERROR]: django.request: Internal Server Error: /account/ ( log.py:224)
Traceback (most recent call last):
  File "/home/tarn/.local/share/virtualenvs/temp-website-0a3D2xF1/lib/python3.8/site-packages/django/core/handlers/exception.py", line 47, in inner
    response = get_response(request)
  File "/home/tarn/.local/share/virtualenvs/temp-website-0a3D2xF1/lib/python3.8/site-packages/django/core/handlers/base.py", line 179, in _get_response
    response = wrapped_callback(request, *callback_args, **callback_kwargs)
  File "/home/tarn/.local/share/virtualenvs/temp-website-0a3D2xF1/lib/python3.8/site-packages/django/views/generic/base.py", line 70, in view
    return self.dispatch(request, *args, **kwargs)
  File "/home/tarn/.local/share/virtualenvs/temp-website-0a3D2xF1/lib/python3.8/site-packages/django/contrib/auth/mixins.py", line 52, in dispatch
    return super().dispatch(request, *args, **kwargs)
  File "/home/tarn/.local/share/virtualenvs/temp-website-0a3D2xF1/lib/python3.8/site-packages/django/views/generic/base.py", line 98, in dispatch
    return handler(request, *args, **kwargs)
  File "/home/tarn/.local/share/virtualenvs/temp-website-0a3D2xF1/lib/python3.8/site-packages/django/views/generic/base.py", line 159, in get
    context = self.get_context_data(**kwargs)
  File "/home/tarn/Desktop/temp-website/apps/users/views.py", line 65, in get_context_data
    return contexts
NameError: name 'contexts' is not defined
2020-10-28 23:54:19: [ERROR]: django.server: "GET /account/ HTTP/1.1" 500 92790 ( basehttp.py:157)
2020-10-28 23:54:25: [INFO]: django.utils.autoreload: /home/tarn/Desktop/temp-website/apps/users/views.py changed, reloading. ( autoreload.py:236)
2020-10-28 23:54:26: [DEBUG]: asyncio: Using selector: EpollSelector ( selector_events.py:59)
2020-10-28 23:54:26: [INFO]: django.utils.autoreload: Watching for file changes with StatReloader ( autoreload.py:613)
2020-10-28 23:54:27: [INFO]: django.server: "GET /account/ HTTP/1.1" 200 14971 ( basehttp.py:157)
2020-10-28 23:54:27: [INFO]: django.server: "GET /static/js/common.js HTTP/1.1" 304 0 ( basehttp.py:157)
2020-10-28 23:54:27: [INFO]: django.server: "GET /static/img/temp_logo.png HTTP/1.1" 304 0 ( basehttp.py:157)
2020-10-28 23:54:27: [INFO]: django.server: "GET /media/avatars/569000_the-sound-of-perseverance-hd-wallpapers_1920x1080_h.jpg HTTP/1.1" 304 0 ( basehttp.py:157)
2020-10-28 23:54:32: [WARNING]: nplusone: Potential n+1 query detected on `Forecast.season` ( notifiers.py:40)
2020-10-28 23:54:32: [WARNING]: nplusone: Potential n+1 query detected on `Forecast.season` ( notifiers.py:40)
2020-10-28 23:54:32: [WARNING]: nplusone: Potential n+1 query detected on `Forecast.fixtures` ( notifiers.py:40)
2020-10-28 23:54:32: [INFO]: django.server: "GET /forecasts/ HTTP/1.1" 200 18262 ( basehttp.py:157)
2020-10-28 23:56:01: [INFO]: django.utils.autoreload: /home/tarn/Desktop/temp-website/apps/forecasts/views.py changed, reloading. ( autoreload.py:236)
2020-10-28 23:56:01: [DEBUG]: asyncio: Using selector: EpollSelector ( selector_events.py:59)
2020-10-28 23:56:01: [INFO]: django.utils.autoreload: Watching for file changes with StatReloader ( autoreload.py:613)
2020-10-28 23:56:03: [WARNING]: nplusone: Potential n+1 query detected on `Forecast.season` ( notifiers.py:40)
2020-10-28 23:56:03: [WARNING]: nplusone: Potential n+1 query detected on `Forecast.season` ( notifiers.py:40)
2020-10-28 23:56:03: [WARNING]: nplusone: Potential n+1 query detected on `Forecast.fixtures` ( notifiers.py:40)
2020-10-28 23:56:03: [WARNING]: nplusone: Potential unnecessary eager load detected on `Forecast.predictions` ( notifiers.py:40)
2020-10-28 23:56:03: [INFO]: django.server: "GET /forecasts/ HTTP/1.1" 200 18262 ( basehttp.py:157)
2020-10-28 23:56:03: [INFO]: django.server: "GET /static/js/common.js HTTP/1.1" 304 0 ( basehttp.py:157)
2020-10-28 23:56:03: [INFO]: django.server: "GET /static/img/temp_logo.png HTTP/1.1" 304 0 ( basehttp.py:157)
2020-10-28 23:56:14: [INFO]: django.utils.autoreload: /home/tarn/Desktop/temp-website/apps/forecasts/views.py changed, reloading. ( autoreload.py:236)
2020-10-28 23:56:15: [DEBUG]: asyncio: Using selector: EpollSelector ( selector_events.py:59)
2020-10-28 23:56:15: [INFO]: django.utils.autoreload: Watching for file changes with StatReloader ( autoreload.py:613)
2020-10-28 23:56:16: [WARNING]: nplusone: Potential n+1 query detected on `Forecast.season` ( notifiers.py:40)
2020-10-28 23:56:16: [WARNING]: nplusone: Potential n+1 query detected on `Forecast.season` ( notifiers.py:40)
2020-10-28 23:56:16: [WARNING]: nplusone: Potential n+1 query detected on `Forecast.fixtures` ( notifiers.py:40)
2020-10-28 23:56:16: [WARNING]: nplusone: Potential n+1 query detected on `Forecast.fixtures` ( notifiers.py:40)
2020-10-28 23:56:16: [WARNING]: nplusone: Potential unnecessary eager load detected on `Forecast.fixtures` ( notifiers.py:40)
2020-10-28 23:56:16: [INFO]: django.server: "GET /forecasts/ HTTP/1.1" 200 18262 ( basehttp.py:157)
2020-10-28 23:56:16: [INFO]: django.server: "GET /static/js/common.js HTTP/1.1" 304 0 ( basehttp.py:157)
2020-10-28 23:56:16: [INFO]: django.server: "GET /static/img/temp_logo.png HTTP/1.1" 304 0 ( basehttp.py:157)
2020-10-28 23:56:25: [DEBUG]: asyncio: Using selector: EpollSelector ( selector_events.py:59)
2020-10-28 23:56:25: [DEBUG]: asyncio: Using selector: EpollSelector ( selector_events.py:59)
2020-10-28 23:56:25: [INFO]: django.utils.autoreload: Watching for file changes with StatReloader ( autoreload.py:613)
2020-10-28 23:56:26: [WARNING]: nplusone: Potential n+1 query detected on `Forecast.season` ( notifiers.py:40)
2020-10-28 23:56:26: [WARNING]: nplusone: Potential n+1 query detected on `Forecast.season` ( notifiers.py:40)
2020-10-28 23:56:26: [WARNING]: nplusone: Potential n+1 query detected on `Forecast.fixtures` ( notifiers.py:40)
2020-10-28 23:56:26: [WARNING]: nplusone: Potential n+1 query detected on `Forecast.fixtures` ( notifiers.py:40)
2020-10-28 23:56:26: [WARNING]: nplusone: Potential unnecessary eager load detected on `Forecast.fixtures` ( notifiers.py:40)
2020-10-28 23:56:26: [INFO]: django.server: "GET /forecasts/ HTTP/1.1" 200 18262 ( basehttp.py:157)
2020-10-28 23:56:26: [INFO]: django.server: "GET /static/js/common.js HTTP/1.1" 304 0 ( basehttp.py:157)
2020-10-28 23:56:26: [INFO]: django.server: "GET /static/img/temp_logo.png HTTP/1.1" 304 0 ( basehttp.py:157)
2020-10-28 23:56:48: [INFO]: django.utils.autoreload: /home/tarn/Desktop/temp-website/apps/forecasts/views.py changed, reloading. ( autoreload.py:236)
2020-10-28 23:56:48: [DEBUG]: asyncio: Using selector: EpollSelector ( selector_events.py:59)
2020-10-28 23:56:48: [INFO]: django.utils.autoreload: Watching for file changes with StatReloader ( autoreload.py:613)
2020-10-28 23:56:50: [WARNING]: nplusone: Potential n+1 query detected on `Forecast.fixtures` ( notifiers.py:40)
2020-10-28 23:56:50: [WARNING]: nplusone: Potential n+1 query detected on `Forecast.fixtures` ( notifiers.py:40)
2020-10-28 23:56:50: [WARNING]: nplusone: Potential unnecessary eager load detected on `Forecast.fixtures` ( notifiers.py:40)
2020-10-28 23:56:50: [INFO]: django.server: "GET /forecasts/ HTTP/1.1" 200 18262 ( basehttp.py:157)
2020-10-28 23:56:50: [INFO]: django.server: "GET /static/js/common.js HTTP/1.1" 304 0 ( basehttp.py:157)
2020-10-28 23:56:50: [INFO]: django.server: "GET /static/img/temp_logo.png HTTP/1.1" 304 0 ( basehttp.py:157)
2020-10-28 23:57:08: [INFO]: django.utils.autoreload: /home/tarn/Desktop/temp-website/apps/forecasts/views.py changed, reloading. ( autoreload.py:236)
2020-10-28 23:57:09: [DEBUG]: asyncio: Using selector: EpollSelector ( selector_events.py:59)
2020-10-28 23:57:09: [INFO]: django.utils.autoreload: Watching for file changes with StatReloader ( autoreload.py:613)
2020-10-28 23:57:10: [WARNING]: nplusone: Potential n+1 query detected on `Forecast.fixtures` ( notifiers.py:40)
2020-10-28 23:57:10: [INFO]: django.server: "GET /forecasts/ HTTP/1.1" 200 18262 ( basehttp.py:157)
2020-10-28 23:57:10: [INFO]: django.server: "GET /static/js/common.js HTTP/1.1" 304 0 ( basehttp.py:157)
2020-10-28 23:57:10: [INFO]: django.server: "GET /static/img/temp_logo.png HTTP/1.1" 304 0 ( basehttp.py:157)
2020-10-28 23:57:18: [WARNING]: nplusone: Potential n+1 query detected on `Forecast.fixtures` ( notifiers.py:40)
2020-10-28 23:57:18: [INFO]: django.server: "GET /forecasts/ HTTP/1.1" 200 18262 ( basehttp.py:157)
2020-10-28 23:57:18: [INFO]: django.server: "GET /static/js/common.js HTTP/1.1" 304 0 ( basehttp.py:157)
2020-10-28 23:57:18: [INFO]: django.server: "GET /static/img/temp_logo.png HTTP/1.1" 304 0 ( basehttp.py:157)
2020-10-28 23:57:23: [WARNING]: nplusone: Potential n+1 query detected on `Forecast.fixtures` ( notifiers.py:40)
2020-10-28 23:57:23: [INFO]: django.server: "GET /forecasts/ HTTP/1.1" 200 18262 ( basehttp.py:157)
2020-10-28 23:57:23: [INFO]: django.server: "GET /static/js/common.js HTTP/1.1" 304 0 ( basehttp.py:157)
2020-10-28 23:57:23: [INFO]: django.server: "GET /static/img/temp_logo.png HTTP/1.1" 304 0 ( basehttp.py:157)
2020-10-28 23:58:34: [WARNING]: nplusone: Potential n+1 query detected on `Fixture.home` ( notifiers.py:40)
2020-10-28 23:58:34: [WARNING]: nplusone: Potential n+1 query detected on `Fixture.guest` ( notifiers.py:40)
2020-10-28 23:58:34: [WARNING]: nplusone: Potential n+1 query detected on `Fixture.home` ( notifiers.py:40)
2020-10-28 23:58:34: [WARNING]: nplusone: Potential n+1 query detected on `Fixture.guest` ( notifiers.py:40)
2020-10-28 23:58:34: [WARNING]: nplusone: Potential n+1 query detected on `Fixture.home` ( notifiers.py:40)
2020-10-28 23:58:34: [WARNING]: nplusone: Potential n+1 query detected on `Fixture.guest` ( notifiers.py:40)
2020-10-28 23:58:34: [WARNING]: nplusone: Potential n+1 query detected on `Fixture.home` ( notifiers.py:40)
2020-10-28 23:58:34: [WARNING]: nplusone: Potential n+1 query detected on `Fixture.guest` ( notifiers.py:40)
2020-10-28 23:58:34: [WARNING]: nplusone: Potential n+1 query detected on `Fixture.home` ( notifiers.py:40)
2020-10-28 23:58:34: [WARNING]: nplusone: Potential n+1 query detected on `Fixture.guest` ( notifiers.py:40)
2020-10-28 23:58:34: [WARNING]: nplusone: Potential n+1 query detected on `Fixture.home` ( notifiers.py:40)
2020-10-28 23:58:34: [WARNING]: nplusone: Potential n+1 query detected on `Fixture.guest` ( notifiers.py:40)
2020-10-28 23:58:34: [WARNING]: nplusone: Potential n+1 query detected on `Prediction.user` ( notifiers.py:40)
2020-10-28 23:58:34: [WARNING]: nplusone: Potential n+1 query detected on `Prediction.user` ( notifiers.py:40)
2020-10-28 23:58:34: [WARNING]: nplusone: Potential n+1 query detected on `Prediction.user` ( notifiers.py:40)
2020-10-28 23:58:34: [WARNING]: nplusone: Potential n+1 query detected on `Prediction.user` ( notifiers.py:40)
2020-10-28 23:58:34: [INFO]: django.server: "GET /forecasts/2/ HTTP/1.1" 200 76031 ( basehttp.py:157)
2020-10-28 23:58:34: [INFO]: django.server: "GET /media/fixtures/pUnjQbFG-hUGwHmde.png HTTP/1.1" 200 4621 ( basehttp.py:157)
2020-10-28 23:58:34: [INFO]: django.server: "GET /media/fixtures/Arsenal.png HTTP/1.1" 200 10468 ( basehttp.py:157)
2020-10-28 23:58:34: [INFO]: django.server: "GET /media/fixtures/hAEWDjYA-2RAufVOk.png HTTP/1.1" 200 36160 ( basehttp.py:157)
2020-10-29 00:00:16: [INFO]: django.utils.autoreload: /home/tarn/Desktop/temp-website/apps/forecasts/views.py changed, reloading. ( autoreload.py:236)
2020-10-29 00:00:17: [DEBUG]: asyncio: Using selector: EpollSelector ( selector_events.py:59)
2020-10-29 00:00:17: [INFO]: django.utils.autoreload: Watching for file changes with StatReloader ( autoreload.py:613)
2020-10-29 00:00:18: [WARNING]: nplusone: Potential n+1 query detected on `Fixture.home` ( notifiers.py:40)
2020-10-29 00:00:18: [WARNING]: nplusone: Potential n+1 query detected on `Fixture.guest` ( notifiers.py:40)
2020-10-29 00:00:18: [WARNING]: nplusone: Potential n+1 query detected on `Fixture.home` ( notifiers.py:40)
2020-10-29 00:00:18: [WARNING]: nplusone: Potential n+1 query detected on `Fixture.guest` ( notifiers.py:40)
2020-10-29 00:00:18: [WARNING]: nplusone: Potential n+1 query detected on `Fixture.home` ( notifiers.py:40)
2020-10-29 00:00:18: [WARNING]: nplusone: Potential n+1 query detected on `Fixture.guest` ( notifiers.py:40)
2020-10-29 00:00:18: [WARNING]: nplusone: Potential n+1 query detected on `Fixture.home` ( notifiers.py:40)
2020-10-29 00:00:18: [WARNING]: nplusone: Potential n+1 query detected on `Fixture.guest` ( notifiers.py:40)
2020-10-29 00:00:18: [WARNING]: nplusone: Potential n+1 query detected on `Fixture.home` ( notifiers.py:40)
2020-10-29 00:00:18: [WARNING]: nplusone: Potential n+1 query detected on `Fixture.guest` ( notifiers.py:40)
2020-10-29 00:00:18: [WARNING]: nplusone: Potential n+1 query detected on `Fixture.home` ( notifiers.py:40)
2020-10-29 00:00:18: [WARNING]: nplusone: Potential n+1 query detected on `Fixture.guest` ( notifiers.py:40)
2020-10-29 00:00:18: [WARNING]: nplusone: Potential n+1 query detected on `Profile.user` ( notifiers.py:40)
2020-10-29 00:00:18: [WARNING]: nplusone: Potential n+1 query detected on `Profile.user` ( notifiers.py:40)
2020-10-29 00:00:18: [WARNING]: nplusone: Potential n+1 query detected on `Profile.user` ( notifiers.py:40)
2020-10-29 00:00:18: [WARNING]: nplusone: Potential n+1 query detected on `Profile.user` ( notifiers.py:40)
2020-10-29 00:00:18: [INFO]: django.server: "GET /forecasts/2/ HTTP/1.1" 200 76031 ( basehttp.py:157)
2020-10-29 00:00:18: [INFO]: django.server: "GET /static/js/common.js HTTP/1.1" 304 0 ( basehttp.py:157)
2020-10-29 00:00:18: [INFO]: django.server: "GET /media/fixtures/hAEWDjYA-2RAufVOk.png HTTP/1.1" 200 36160 ( basehttp.py:157)
2020-10-29 00:00:18: [INFO]: django.server: "GET /media/fixtures/pUnjQbFG-hUGwHmde.png HTTP/1.1" 200 4621 ( basehttp.py:157)
2020-10-29 00:00:18: [INFO]: django.server: "GET /static/img/fiesta.jpg HTTP/1.1" 200 17947 ( basehttp.py:157)
2020-10-29 00:00:18: [INFO]: django.server: "GET /static/img/temp_logo.png HTTP/1.1" 304 0 ( basehttp.py:157)
2020-10-29 00:00:18: [INFO]: django.server: "GET /static/img/fenix.png HTTP/1.1" 200 120161 ( basehttp.py:157)
2020-10-29 00:00:18: [INFO]: django.server: "GET /static/img/kiev.jpg HTTP/1.1" 200 32328 ( basehttp.py:157)
2020-10-29 00:00:18: [INFO]: django.server: "GET /static/img/smu.jpg HTTP/1.1" 200 38142 ( basehttp.py:157)
2020-10-29 00:00:18: [INFO]: django.server: "GET /static/img/patriot.jpg HTTP/1.1" 200 53583 ( basehttp.py:157)
2020-10-29 00:00:18: [INFO]: django.server: "GET /static/img/katran.png HTTP/1.1" 200 11550 ( basehttp.py:157)
2020-10-29 00:00:18: [INFO]: django.server: "GET /static/img/kfkg.jpeg HTTP/1.1" 200 11333 ( basehttp.py:157)
2020-10-29 00:00:18: [INFO]: django.server: "GET /static/img/arsenal.jpg HTTP/1.1" 200 40856 ( basehttp.py:157)
2020-10-29 00:00:18: [INFO]: django.server: "GET /static/img/charlotte.jpg HTTP/1.1" 200 31792 ( basehttp.py:157)
2020-10-29 00:00:18: [INFO]: django.server: "GET /media/fixtures/Arsenal.png HTTP/1.1" 200 10468 ( basehttp.py:157)
2020-10-29 00:00:18: [INFO]: django.server: "GET /static/img/kiev-info.jpg HTTP/1.1" 200 7797 ( basehttp.py:157)
2020-10-29 00:00:18: [INFO]: django.server: "GET /static/img/arsenalna.jpg HTTP/1.1" 200 35650 ( basehttp.py:157)
2020-10-29 00:00:18: [INFO]: django.server: "GET /media/fixtures/MUFC.png HTTP/1.1" 304 0 ( basehttp.py:157)
2020-10-29 00:00:18: [INFO]: django.server: "GET /static/favicon.ico HTTP/1.1" 200 15406 ( basehttp.py:157)
2020-10-29 00:00:41: [INFO]: django.utils.autoreload: /home/tarn/Desktop/temp-website/apps/forecasts/views.py changed, reloading. ( autoreload.py:236)
2020-10-29 00:00:42: [DEBUG]: asyncio: Using selector: EpollSelector ( selector_events.py:59)
2020-10-29 00:00:42: [INFO]: django.utils.autoreload: Watching for file changes with StatReloader ( autoreload.py:613)
2020-10-29 00:00:44: [WARNING]: nplusone: Potential n+1 query detected on `Fixture.home` ( notifiers.py:40)
2020-10-29 00:00:44: [WARNING]: nplusone: Potential n+1 query detected on `Fixture.guest` ( notifiers.py:40)
2020-10-29 00:00:44: [WARNING]: nplusone: Potential n+1 query detected on `Fixture.home` ( notifiers.py:40)
2020-10-29 00:00:44: [WARNING]: nplusone: Potential n+1 query detected on `Fixture.guest` ( notifiers.py:40)
2020-10-29 00:00:44: [WARNING]: nplusone: Potential n+1 query detected on `Fixture.home` ( notifiers.py:40)
2020-10-29 00:00:44: [WARNING]: nplusone: Potential n+1 query detected on `Fixture.guest` ( notifiers.py:40)
2020-10-29 00:00:44: [WARNING]: nplusone: Potential n+1 query detected on `Fixture.home` ( notifiers.py:40)
2020-10-29 00:00:44: [WARNING]: nplusone: Potential n+1 query detected on `Fixture.guest` ( notifiers.py:40)
2020-10-29 00:00:44: [WARNING]: nplusone: Potential n+1 query detected on `Fixture.home` ( notifiers.py:40)
2020-10-29 00:00:44: [WARNING]: nplusone: Potential n+1 query detected on `Fixture.guest` ( notifiers.py:40)
2020-10-29 00:00:44: [WARNING]: nplusone: Potential n+1 query detected on `Fixture.home` ( notifiers.py:40)
2020-10-29 00:00:44: [WARNING]: nplusone: Potential n+1 query detected on `Fixture.guest` ( notifiers.py:40)
2020-10-29 00:00:44: [WARNING]: nplusone: Potential n+1 query detected on `Profile.user` ( notifiers.py:40)
2020-10-29 00:00:44: [WARNING]: nplusone: Potential n+1 query detected on `Profile.user` ( notifiers.py:40)
2020-10-29 00:00:44: [WARNING]: nplusone: Potential n+1 query detected on `Profile.user` ( notifiers.py:40)
2020-10-29 00:00:44: [WARNING]: nplusone: Potential n+1 query detected on `Profile.user` ( notifiers.py:40)
2020-10-29 00:00:45: [INFO]: django.server: "GET /forecasts/2/ HTTP/1.1" 200 76031 ( basehttp.py:157)
2020-10-29 00:00:45: [INFO]: django.server: "GET /static/js/common.js HTTP/1.1" 304 0 ( basehttp.py:157)
2020-10-29 00:00:45: [INFO]: django.server: "GET /static/img/temp_logo.png HTTP/1.1" 304 0 ( basehttp.py:157)
2020-10-29 00:00:45: [INFO]: django.server: "GET /static/img/smu.jpg HTTP/1.1" 304 0 ( basehttp.py:157)
2020-10-29 00:00:45: [INFO]: django.server: "GET /static/img/patriot.jpg HTTP/1.1" 304 0 ( basehttp.py:157)
2020-10-29 00:00:45: [INFO]: django.server: "GET /static/img/kiev.jpg HTTP/1.1" 304 0 ( basehttp.py:157)
2020-10-29 00:00:45: [INFO]: django.server: "GET /media/fixtures/Arsenal.png HTTP/1.1" 200 10468 ( basehttp.py:157)
2020-10-29 00:00:45: [INFO]: django.server: "GET /static/img/arsenalna.jpg HTTP/1.1" 200 35650 ( basehttp.py:157)
2020-10-29 00:00:45: [INFO]: django.server: "GET /static/img/charlotte.jpg HTTP/1.1" 200 31792 ( basehttp.py:157)
2020-10-29 00:00:45: [INFO]: django.server: "GET /static/img/katran.png HTTP/1.1" 304 0 ( basehttp.py:157)
2020-10-29 00:00:45: [INFO]: django.server: "GET /static/img/fenix.png HTTP/1.1" 304 0 ( basehttp.py:157)
2020-10-29 00:00:45: [INFO]: django.server: "GET /media/fixtures/hAEWDjYA-2RAufVOk.png HTTP/1.1" 304 0 ( basehttp.py:157)
2020-10-29 00:00:45: [INFO]: django.server: "GET /media/fixtures/pUnjQbFG-hUGwHmde.png HTTP/1.1" 304 0 ( basehttp.py:157)
2020-10-29 00:00:45: [INFO]: django.server: "GET /static/img/kfkg.jpeg HTTP/1.1" 304 0 ( basehttp.py:157)
2020-10-29 00:00:45: [INFO]: django.server: "GET /static/img/fiesta.jpg HTTP/1.1" 304 0 ( basehttp.py:157)
2020-10-29 00:00:45: [INFO]: django.server: "GET /media/fixtures/MUFC.png HTTP/1.1" 304 0 ( basehttp.py:157)
2020-10-29 00:00:45: [INFO]: django.server: "GET /static/img/kiev-info.jpg HTTP/1.1" 304 0 ( basehttp.py:157)
2020-10-29 00:00:45: [INFO]: django.server: "GET /static/img/arsenal.jpg HTTP/1.1" 304 0 ( basehttp.py:157)
2020-10-29 00:01:19: [INFO]: django.utils.autoreload: /home/tarn/Desktop/temp-website/apps/forecasts/views.py changed, reloading. ( autoreload.py:236)
2020-10-29 00:01:20: [DEBUG]: asyncio: Using selector: EpollSelector ( selector_events.py:59)
2020-10-29 00:01:20: [INFO]: django.utils.autoreload: Watching for file changes with StatReloader ( autoreload.py:613)
2020-10-29 00:01:22: [WARNING]: nplusone: Potential n+1 query detected on `Profile.user` ( notifiers.py:40)
2020-10-29 00:01:22: [WARNING]: nplusone: Potential n+1 query detected on `Profile.user` ( notifiers.py:40)
2020-10-29 00:01:22: [WARNING]: nplusone: Potential n+1 query detected on `Profile.user` ( notifiers.py:40)
2020-10-29 00:01:22: [WARNING]: nplusone: Potential n+1 query detected on `Profile.user` ( notifiers.py:40)
2020-10-29 00:01:22: [WARNING]: nplusone: Potential n+1 query detected on `Profile.user` ( notifiers.py:40)
2020-10-29 00:01:22: [ERROR]: django.request: Internal Server Error: /forecasts/2/ ( log.py:224)
Traceback (most recent call last):
  File "/home/tarn/.local/share/virtualenvs/temp-website-0a3D2xF1/lib/python3.8/site-packages/django/core/handlers/exception.py", line 47, in inner
    response = get_response(request)
  File "/home/tarn/.local/share/virtualenvs/temp-website-0a3D2xF1/lib/python3.8/site-packages/django/core/handlers/base.py", line 179, in _get_response
    response = wrapped_callback(request, *callback_args, **callback_kwargs)
  File "/home/tarn/.local/share/virtualenvs/temp-website-0a3D2xF1/lib/python3.8/site-packages/django/views/generic/base.py", line 70, in view
    return self.dispatch(request, *args, **kwargs)
  File "/home/tarn/.local/share/virtualenvs/temp-website-0a3D2xF1/lib/python3.8/site-packages/django/views/generic/base.py", line 98, in dispatch
    return handler(request, *args, **kwargs)
  File "/home/tarn/.local/share/virtualenvs/temp-website-0a3D2xF1/lib/python3.8/site-packages/django/views/generic/detail.py", line 106, in get
    self.object = self.get_object()
  File "/home/tarn/.local/share/virtualenvs/temp-website-0a3D2xF1/lib/python3.8/site-packages/django/views/generic/detail.py", line 52, in get_object
    obj = queryset.get()
  File "/home/tarn/.local/share/virtualenvs/temp-website-0a3D2xF1/lib/python3.8/site-packages/nplusone/core/signals.py", line 23, in wrapped
    ret = func(*args, **kwargs)
  File "/home/tarn/.local/share/virtualenvs/temp-website-0a3D2xF1/lib/python3.8/site-packages/django/db/models/query.py", line 425, in get
    num = len(clone)
  File "/home/tarn/.local/share/virtualenvs/temp-website-0a3D2xF1/lib/python3.8/site-packages/django/db/models/query.py", line 269, in __len__
    self._fetch_all()
  File "/home/tarn/.local/share/virtualenvs/temp-website-0a3D2xF1/lib/python3.8/site-packages/nplusone/ext/django/patch.py", line 295, in fetch_all
    original_fetch_all(self)
  File "/home/tarn/.local/share/virtualenvs/temp-website-0a3D2xF1/lib/python3.8/site-packages/django/db/models/query.py", line 1310, in _fetch_all
    self._prefetch_related_objects()
  File "/home/tarn/.local/share/virtualenvs/temp-website-0a3D2xF1/lib/python3.8/site-packages/django/db/models/query.py", line 814, in _prefetch_related_objects
    prefetch_related_objects(self._result_cache, *self._prefetch_related_lookups)
  File "/home/tarn/.local/share/virtualenvs/temp-website-0a3D2xF1/lib/python3.8/site-packages/django/db/models/query.py", line 1705, in prefetch_related_objects
    raise ValueError("'%s' does not resolve to an item that supports "
ValueError: 'predictions__fixtures' does not resolve to an item that supports prefetching - this is an invalid parameter to prefetch_related().
2020-10-29 00:01:22: [WARNING]: nplusone: Potential unnecessary eager load detected on `Forecast.predictions` ( notifiers.py:40)
2020-10-29 00:01:22: [ERROR]: django.server: "GET /forecasts/2/ HTTP/1.1" 500 122883 ( basehttp.py:157)
2020-10-29 00:01:32: [INFO]: django.utils.autoreload: /home/tarn/Desktop/temp-website/apps/forecasts/views.py changed, reloading. ( autoreload.py:236)
2020-10-29 00:01:32: [DEBUG]: asyncio: Using selector: EpollSelector ( selector_events.py:59)
2020-10-29 00:01:32: [INFO]: django.utils.autoreload: Watching for file changes with StatReloader ( autoreload.py:613)
2020-10-29 00:01:35: [WARNING]: nplusone: Potential n+1 query detected on `Fixture.home` ( notifiers.py:40)
2020-10-29 00:01:35: [WARNING]: nplusone: Potential n+1 query detected on `Fixture.guest` ( notifiers.py:40)
2020-10-29 00:01:35: [WARNING]: nplusone: Potential n+1 query detected on `Fixture.home` ( notifiers.py:40)
2020-10-29 00:01:35: [WARNING]: nplusone: Potential n+1 query detected on `Fixture.guest` ( notifiers.py:40)
2020-10-29 00:01:35: [WARNING]: nplusone: Potential n+1 query detected on `Fixture.home` ( notifiers.py:40)
2020-10-29 00:01:35: [WARNING]: nplusone: Potential n+1 query detected on `Fixture.guest` ( notifiers.py:40)
2020-10-29 00:01:35: [WARNING]: nplusone: Potential n+1 query detected on `Fixture.home` ( notifiers.py:40)
2020-10-29 00:01:35: [WARNING]: nplusone: Potential n+1 query detected on `Fixture.guest` ( notifiers.py:40)
2020-10-29 00:01:35: [WARNING]: nplusone: Potential n+1 query detected on `Fixture.home` ( notifiers.py:40)
2020-10-29 00:01:35: [WARNING]: nplusone: Potential n+1 query detected on `Fixture.guest` ( notifiers.py:40)
2020-10-29 00:01:35: [WARNING]: nplusone: Potential n+1 query detected on `Fixture.home` ( notifiers.py:40)
2020-10-29 00:01:35: [WARNING]: nplusone: Potential n+1 query detected on `Fixture.guest` ( notifiers.py:40)
2020-10-29 00:01:35: [WARNING]: nplusone: Potential n+1 query detected on `Profile.user` ( notifiers.py:40)
2020-10-29 00:01:35: [WARNING]: nplusone: Potential n+1 query detected on `Profile.user` ( notifiers.py:40)
2020-10-29 00:01:35: [WARNING]: nplusone: Potential n+1 query detected on `Profile.user` ( notifiers.py:40)
2020-10-29 00:01:35: [WARNING]: nplusone: Potential n+1 query detected on `Profile.user` ( notifiers.py:40)
2020-10-29 00:01:35: [INFO]: django.server: "GET /forecasts/2/ HTTP/1.1" 200 76031 ( basehttp.py:157)
2020-10-29 00:01:35: [INFO]: django.server: "GET /static/js/common.js HTTP/1.1" 304 0 ( basehttp.py:157)
2020-10-29 00:01:35: [INFO]: django.server: "GET /media/fixtures/hAEWDjYA-2RAufVOk.png HTTP/1.1" 200 36160 ( basehttp.py:157)
2020-10-29 00:01:35: [INFO]: django.server: "GET /media/fixtures/pUnjQbFG-hUGwHmde.png HTTP/1.1" 200 4621 ( basehttp.py:157)
2020-10-29 00:01:35: [INFO]: django.server: "GET /static/img/patriot.jpg HTTP/1.1" 200 53583 ( basehttp.py:157)
2020-10-29 00:01:35: [INFO]: django.server: "GET /static/img/smu.jpg HTTP/1.1" 200 38142 ( basehttp.py:157)
2020-10-29 00:01:35: [INFO]: django.server: "GET /static/img/katran.png HTTP/1.1" 200 11550 ( basehttp.py:157)
2020-10-29 00:01:35: [INFO]: django.server: "GET /static/img/fenix.png HTTP/1.1" 200 120161 ( basehttp.py:157)
2020-10-29 00:01:35: [INFO]: django.server: "GET /static/img/temp_logo.png HTTP/1.1" 304 0 ( basehttp.py:157)
2020-10-29 00:01:35: [INFO]: django.server: "GET /static/img/kiev-info.jpg HTTP/1.1" 200 7797 ( basehttp.py:157)
2020-10-29 00:01:35: [INFO]: django.server: "GET /static/img/arsenal.jpg HTTP/1.1" 200 40856 ( basehttp.py:157)
2020-10-29 00:01:35: [INFO]: django.server: "GET /static/img/arsenalna.jpg HTTP/1.1" 200 35650 ( basehttp.py:157)
2020-10-29 00:01:35: [INFO]: django.server: "GET /static/img/kiev.jpg HTTP/1.1" 200 32328 ( basehttp.py:157)
2020-10-29 00:01:35: [INFO]: django.server: "GET /media/fixtures/Arsenal.png HTTP/1.1" 200 10468 ( basehttp.py:157)
2020-10-29 00:01:35: [INFO]: django.server: "GET /static/img/charlotte.jpg HTTP/1.1" 200 31792 ( basehttp.py:157)
2020-10-29 00:01:35: [INFO]: django.server: "GET /static/img/fiesta.jpg HTTP/1.1" 200 17947 ( basehttp.py:157)
2020-10-29 00:01:35: [INFO]: django.server: "GET /media/fixtures/MUFC.png HTTP/1.1" 304 0 ( basehttp.py:157)
2020-10-29 00:01:35: [INFO]: django.server: "GET /static/img/kfkg.jpeg HTTP/1.1" 200 11333 ( basehttp.py:157)
2020-10-29 00:01:35: [INFO]: django.server: "GET /static/favicon.ico HTTP/1.1" 200 15406 ( basehttp.py:157)
2020-10-29 00:02:42: [INFO]: django.utils.autoreload: /home/tarn/Desktop/temp-website/apps/forecasts/views.py changed, reloading. ( autoreload.py:236)
2020-10-29 00:02:43: [DEBUG]: asyncio: Using selector: EpollSelector ( selector_events.py:59)
2020-10-29 00:02:43: [INFO]: django.utils.autoreload: Watching for file changes with StatReloader ( autoreload.py:613)
2020-10-29 00:02:45: [WARNING]: nplusone: Potential n+1 query detected on `Fixture.home` ( notifiers.py:40)
2020-10-29 00:02:45: [WARNING]: nplusone: Potential n+1 query detected on `Fixture.guest` ( notifiers.py:40)
2020-10-29 00:02:45: [WARNING]: nplusone: Potential n+1 query detected on `Fixture.home` ( notifiers.py:40)
2020-10-29 00:02:45: [WARNING]: nplusone: Potential n+1 query detected on `Fixture.guest` ( notifiers.py:40)
2020-10-29 00:02:45: [WARNING]: nplusone: Potential n+1 query detected on `Fixture.home` ( notifiers.py:40)
2020-10-29 00:02:45: [WARNING]: nplusone: Potential n+1 query detected on `Fixture.guest` ( notifiers.py:40)
2020-10-29 00:02:45: [WARNING]: nplusone: Potential n+1 query detected on `Fixture.home` ( notifiers.py:40)
2020-10-29 00:02:45: [WARNING]: nplusone: Potential n+1 query detected on `Fixture.guest` ( notifiers.py:40)
2020-10-29 00:02:45: [WARNING]: nplusone: Potential n+1 query detected on `Fixture.home` ( notifiers.py:40)
2020-10-29 00:02:45: [WARNING]: nplusone: Potential n+1 query detected on `Fixture.guest` ( notifiers.py:40)
2020-10-29 00:02:45: [WARNING]: nplusone: Potential n+1 query detected on `Fixture.home` ( notifiers.py:40)
2020-10-29 00:02:45: [WARNING]: nplusone: Potential n+1 query detected on `Fixture.guest` ( notifiers.py:40)
2020-10-29 00:02:45: [WARNING]: nplusone: Potential n+1 query detected on `Profile.user` ( notifiers.py:40)
2020-10-29 00:02:45: [WARNING]: nplusone: Potential n+1 query detected on `Profile.user` ( notifiers.py:40)
2020-10-29 00:02:45: [WARNING]: nplusone: Potential n+1 query detected on `Profile.user` ( notifiers.py:40)
2020-10-29 00:02:45: [WARNING]: nplusone: Potential n+1 query detected on `Profile.user` ( notifiers.py:40)
2020-10-29 00:02:45: [INFO]: django.server: "GET /forecasts/2/ HTTP/1.1" 200 76031 ( basehttp.py:157)
2020-10-29 00:02:45: [INFO]: django.server: "GET /static/js/common.js HTTP/1.1" 304 0 ( basehttp.py:157)
2020-10-29 00:02:45: [INFO]: django.server: "GET /media/fixtures/hAEWDjYA-2RAufVOk.png HTTP/1.1" 200 36160 ( basehttp.py:157)
2020-10-29 00:02:45: [INFO]: django.server: "GET /media/fixtures/pUnjQbFG-hUGwHmde.png HTTP/1.1" 304 0 ( basehttp.py:157)
2020-10-29 00:02:45: [INFO]: django.server: "GET /static/img/smu.jpg HTTP/1.1" 304 0 ( basehttp.py:157)
2020-10-29 00:02:45: [INFO]: django.server: "GET /static/img/temp_logo.png HTTP/1.1" 304 0 ( basehttp.py:157)
2020-10-29 00:02:45: [INFO]: django.server: "GET /static/img/arsenalna.jpg HTTP/1.1" 200 35650 ( basehttp.py:157)
2020-10-29 00:02:45: [INFO]: django.server: "GET /static/img/patriot.jpg HTTP/1.1" 304 0 ( basehttp.py:157)
2020-10-29 00:02:45: [INFO]: django.server: "GET /static/img/arsenal.jpg HTTP/1.1" 200 40856 ( basehttp.py:157)
2020-10-29 00:02:45: [INFO]: django.server: "GET /static/img/kiev.jpg HTTP/1.1" 304 0 ( basehttp.py:157)
2020-10-29 00:02:45: [INFO]: django.server: "GET /static/img/katran.png HTTP/1.1" 304 0 ( basehttp.py:157)
2020-10-29 00:02:45: [INFO]: django.server: "GET /static/img/fiesta.jpg HTTP/1.1" 304 0 ( basehttp.py:157)
2020-10-29 00:02:45: [INFO]: django.server: "GET /static/img/fenix.png HTTP/1.1" 304 0 ( basehttp.py:157)
2020-10-29 00:02:45: [INFO]: django.server: "GET /static/img/kfkg.jpeg HTTP/1.1" 304 0 ( basehttp.py:157)
2020-10-29 00:02:45: [INFO]: django.server: "GET /media/fixtures/Arsenal.png HTTP/1.1" 200 10468 ( basehttp.py:157)
2020-10-29 00:02:45: [INFO]: django.server: "GET /media/fixtures/MUFC.png HTTP/1.1" 304 0 ( basehttp.py:157)
2020-10-29 00:02:45: [INFO]: django.server: "GET /static/img/charlotte.jpg HTTP/1.1" 200 31792 ( basehttp.py:157)
2020-10-29 00:02:45: [INFO]: django.server: "GET /static/img/kiev-info.jpg HTTP/1.1" 304 0 ( basehttp.py:157)
2020-10-29 00:02:55: [INFO]: django.utils.autoreload: /home/tarn/Desktop/temp-website/apps/forecasts/views.py changed, reloading. ( autoreload.py:236)
2020-10-29 00:02:55: [DEBUG]: asyncio: Using selector: EpollSelector ( selector_events.py:59)
2020-10-29 00:02:55: [INFO]: django.utils.autoreload: Watching for file changes with StatReloader ( autoreload.py:613)
2020-10-29 00:02:56: [ERROR]: django.request: Internal Server Error: /forecasts/2/ ( log.py:224)
Traceback (most recent call last):
  File "/home/tarn/.local/share/virtualenvs/temp-website-0a3D2xF1/lib/python3.8/site-packages/django/core/handlers/exception.py", line 47, in inner
    response = get_response(request)
  File "/home/tarn/.local/share/virtualenvs/temp-website-0a3D2xF1/lib/python3.8/site-packages/django/core/handlers/base.py", line 179, in _get_response
    response = wrapped_callback(request, *callback_args, **callback_kwargs)
  File "/home/tarn/.local/share/virtualenvs/temp-website-0a3D2xF1/lib/python3.8/site-packages/django/views/generic/base.py", line 70, in view
    return self.dispatch(request, *args, **kwargs)
  File "/home/tarn/.local/share/virtualenvs/temp-website-0a3D2xF1/lib/python3.8/site-packages/django/views/generic/base.py", line 98, in dispatch
    return handler(request, *args, **kwargs)
  File "/home/tarn/.local/share/virtualenvs/temp-website-0a3D2xF1/lib/python3.8/site-packages/django/views/generic/detail.py", line 107, in get
    context = self.get_context_data(object=self.object)
  File "/home/tarn/Desktop/temp-website/apps/forecasts/views.py", line 31, in get_context_data
    results = Prediction.objects.select_related('user__profile').get(user=user, forecast__pk=self.kwargs['pk']).results
  File "/home/tarn/.local/share/virtualenvs/temp-website-0a3D2xF1/lib/python3.8/site-packages/nplusone/core/signals.py", line 23, in wrapped
    ret = func(*args, **kwargs)
  File "/home/tarn/.local/share/virtualenvs/temp-website-0a3D2xF1/lib/python3.8/site-packages/django/db/models/query.py", line 425, in get
    num = len(clone)
  File "/home/tarn/.local/share/virtualenvs/temp-website-0a3D2xF1/lib/python3.8/site-packages/django/db/models/query.py", line 269, in __len__
    self._fetch_all()
  File "/home/tarn/.local/share/virtualenvs/temp-website-0a3D2xF1/lib/python3.8/site-packages/nplusone/ext/django/patch.py", line 295, in fetch_all
    original_fetch_all(self)
  File "/home/tarn/.local/share/virtualenvs/temp-website-0a3D2xF1/lib/python3.8/site-packages/django/db/models/query.py", line 1308, in _fetch_all
    self._result_cache = list(self._iterable_class(self))
  File "/home/tarn/.local/share/virtualenvs/temp-website-0a3D2xF1/lib/python3.8/site-packages/django/db/models/query.py", line 53, in __iter__
    results = compiler.execute_sql(chunked_fetch=self.chunked_fetch, chunk_size=self.chunk_size)
  File "/home/tarn/.local/share/virtualenvs/temp-website-0a3D2xF1/lib/python3.8/site-packages/django/db/models/sql/compiler.py", line 1143, in execute_sql
    sql, params = self.as_sql()
  File "/home/tarn/.local/share/virtualenvs/temp-website-0a3D2xF1/lib/python3.8/site-packages/django/db/models/sql/compiler.py", line 498, in as_sql
    extra_select, order_by, group_by = self.pre_sql_setup()
  File "/home/tarn/.local/share/virtualenvs/temp-website-0a3D2xF1/lib/python3.8/site-packages/django/db/models/sql/compiler.py", line 55, in pre_sql_setup
    self.setup_query()
  File "/home/tarn/.local/share/virtualenvs/temp-website-0a3D2xF1/lib/python3.8/site-packages/django/db/models/sql/compiler.py", line 46, in setup_query
    self.select, self.klass_info, self.annotation_col_map = self.get_select()
  File "/home/tarn/.local/share/virtualenvs/temp-website-0a3D2xF1/lib/python3.8/site-packages/django/db/models/sql/compiler.py", line 248, in get_select
    related_klass_infos = self.get_related_selections(select)
  File "/home/tarn/.local/share/virtualenvs/temp-website-0a3D2xF1/lib/python3.8/site-packages/django/db/models/sql/compiler.py", line 874, in get_related_selections
    next_klass_infos = self.get_related_selections(
  File "/home/tarn/.local/share/virtualenvs/temp-website-0a3D2xF1/lib/python3.8/site-packages/django/db/models/sql/compiler.py", line 963, in get_related_selections
    raise FieldError(
django.core.exceptions.FieldError: Invalid field name(s) given in select_related: 'profile'. Choices are: user, favourite_team
2020-10-29 00:02:56: [WARNING]: nplusone: Potential unnecessary eager load detected on `Forecast.predictions` ( notifiers.py:40)
2020-10-29 00:02:56: [WARNING]: nplusone: Potential unnecessary eager load detected on `Prediction.user` ( notifiers.py:40)
2020-10-29 00:02:56: [ERROR]: django.server: "GET /forecasts/2/ HTTP/1.1" 500 156858 ( basehttp.py:157)
2020-10-29 00:03:13: [INFO]: django.utils.autoreload: /home/tarn/Desktop/temp-website/apps/forecasts/views.py changed, reloading. ( autoreload.py:236)
2020-10-29 00:03:13: [DEBUG]: asyncio: Using selector: EpollSelector ( selector_events.py:59)
2020-10-29 00:03:13: [INFO]: django.utils.autoreload: Watching for file changes with StatReloader ( autoreload.py:613)
2020-10-29 00:03:15: [WARNING]: nplusone: Potential n+1 query detected on `Fixture.home` ( notifiers.py:40)
2020-10-29 00:03:15: [WARNING]: nplusone: Potential n+1 query detected on `Fixture.guest` ( notifiers.py:40)
2020-10-29 00:03:15: [WARNING]: nplusone: Potential n+1 query detected on `Fixture.home` ( notifiers.py:40)
2020-10-29 00:03:15: [WARNING]: nplusone: Potential n+1 query detected on `Fixture.guest` ( notifiers.py:40)
2020-10-29 00:03:15: [WARNING]: nplusone: Potential n+1 query detected on `Fixture.home` ( notifiers.py:40)
2020-10-29 00:03:15: [WARNING]: nplusone: Potential n+1 query detected on `Fixture.guest` ( notifiers.py:40)
2020-10-29 00:03:15: [WARNING]: nplusone: Potential n+1 query detected on `Fixture.home` ( notifiers.py:40)
2020-10-29 00:03:15: [WARNING]: nplusone: Potential n+1 query detected on `Fixture.guest` ( notifiers.py:40)
2020-10-29 00:03:15: [WARNING]: nplusone: Potential n+1 query detected on `Fixture.home` ( notifiers.py:40)
2020-10-29 00:03:15: [WARNING]: nplusone: Potential n+1 query detected on `Fixture.guest` ( notifiers.py:40)
2020-10-29 00:03:15: [WARNING]: nplusone: Potential n+1 query detected on `Fixture.home` ( notifiers.py:40)
2020-10-29 00:03:15: [WARNING]: nplusone: Potential n+1 query detected on `Fixture.guest` ( notifiers.py:40)
2020-10-29 00:03:15: [WARNING]: nplusone: Potential n+1 query detected on `Profile.user` ( notifiers.py:40)
2020-10-29 00:03:15: [WARNING]: nplusone: Potential n+1 query detected on `Profile.user` ( notifiers.py:40)
2020-10-29 00:03:15: [WARNING]: nplusone: Potential n+1 query detected on `Profile.user` ( notifiers.py:40)
2020-10-29 00:03:15: [WARNING]: nplusone: Potential n+1 query detected on `Profile.user` ( notifiers.py:40)
2020-10-29 00:03:15: [INFO]: django.server: "GET /forecasts/2/ HTTP/1.1" 200 76031 ( basehttp.py:157)
2020-10-29 00:03:15: [INFO]: django.server: "GET /static/js/common.js HTTP/1.1" 304 0 ( basehttp.py:157)
2020-10-29 00:03:15: [INFO]: django.server: "GET /static/img/temp_logo.png HTTP/1.1" 304 0 ( basehttp.py:157)
2020-10-29 00:03:15: [INFO]: django.server: "GET /media/fixtures/pUnjQbFG-hUGwHmde.png HTTP/1.1" 304 0 ( basehttp.py:157)
2020-10-29 00:03:15: [INFO]: django.server: "GET /static/img/smu.jpg HTTP/1.1" 304 0 ( basehttp.py:157)
2020-10-29 00:03:15: [INFO]: django.server: "GET /static/img/fiesta.jpg HTTP/1.1" 304 0 ( basehttp.py:157)
2020-10-29 00:03:15: [INFO]: django.server: "GET /static/img/fenix.png HTTP/1.1" 304 0 ( basehttp.py:157)
2020-10-29 00:03:15: [INFO]: django.server: "GET /static/img/kiev-info.jpg HTTP/1.1" 304 0 ( basehttp.py:157)
2020-10-29 00:03:15: [INFO]: django.server: "GET /static/img/kfkg.jpeg HTTP/1.1" 304 0 ( basehttp.py:157)
2020-10-29 00:03:15: [INFO]: django.server: "GET /static/img/kiev.jpg HTTP/1.1" 304 0 ( basehttp.py:157)
2020-10-29 00:03:15: [INFO]: django.server: "GET /media/fixtures/MUFC.png HTTP/1.1" 304 0 ( basehttp.py:157)
2020-10-29 00:03:15: [INFO]: django.server: "GET /media/fixtures/hAEWDjYA-2RAufVOk.png HTTP/1.1" 304 0 ( basehttp.py:157)
2020-10-29 00:03:15: [INFO]: django.server: "GET /static/img/arsenal.jpg HTTP/1.1" 304 0 ( basehttp.py:157)
2020-10-29 00:03:15: [INFO]: django.server: "GET /static/img/arsenalna.jpg HTTP/1.1" 304 0 ( basehttp.py:157)
2020-10-29 00:03:15: [INFO]: django.server: "GET /media/fixtures/Arsenal.png HTTP/1.1" 304 0 ( basehttp.py:157)
2020-10-29 00:03:15: [INFO]: django.server: "GET /static/img/patriot.jpg HTTP/1.1" 304 0 ( basehttp.py:157)
2020-10-29 00:03:15: [INFO]: django.server: "GET /static/img/charlotte.jpg HTTP/1.1" 304 0 ( basehttp.py:157)
2020-10-29 00:03:15: [INFO]: django.server: "GET /static/img/katran.png HTTP/1.1" 304 0 ( basehttp.py:157)
2020-10-29 00:03:34: [INFO]: django.utils.autoreload: /home/tarn/Desktop/temp-website/apps/forecasts/views.py changed, reloading. ( autoreload.py:236)
2020-10-29 00:03:35: [DEBUG]: asyncio: Using selector: EpollSelector ( selector_events.py:59)
2020-10-29 00:03:35: [INFO]: django.utils.autoreload: Watching for file changes with StatReloader ( autoreload.py:613)
2020-10-29 00:03:37: [WARNING]: nplusone: Potential n+1 query detected on `Fixture.home` ( notifiers.py:40)
2020-10-29 00:03:37: [WARNING]: nplusone: Potential n+1 query detected on `Fixture.guest` ( notifiers.py:40)
2020-10-29 00:03:37: [WARNING]: nplusone: Potential n+1 query detected on `Fixture.home` ( notifiers.py:40)
2020-10-29 00:03:37: [WARNING]: nplusone: Potential n+1 query detected on `Fixture.guest` ( notifiers.py:40)
2020-10-29 00:03:37: [WARNING]: nplusone: Potential n+1 query detected on `Fixture.home` ( notifiers.py:40)
2020-10-29 00:03:37: [WARNING]: nplusone: Potential n+1 query detected on `Fixture.guest` ( notifiers.py:40)
2020-10-29 00:03:37: [WARNING]: nplusone: Potential n+1 query detected on `Fixture.home` ( notifiers.py:40)
2020-10-29 00:03:37: [WARNING]: nplusone: Potential n+1 query detected on `Fixture.guest` ( notifiers.py:40)
2020-10-29 00:03:37: [WARNING]: nplusone: Potential n+1 query detected on `Fixture.home` ( notifiers.py:40)
2020-10-29 00:03:37: [WARNING]: nplusone: Potential n+1 query detected on `Fixture.guest` ( notifiers.py:40)
2020-10-29 00:03:37: [WARNING]: nplusone: Potential n+1 query detected on `Fixture.home` ( notifiers.py:40)
2020-10-29 00:03:37: [WARNING]: nplusone: Potential n+1 query detected on `Fixture.guest` ( notifiers.py:40)
2020-10-29 00:03:37: [WARNING]: nplusone: Potential n+1 query detected on `Profile.user` ( notifiers.py:40)
2020-10-29 00:03:37: [WARNING]: nplusone: Potential n+1 query detected on `Profile.user` ( notifiers.py:40)
2020-10-29 00:03:37: [WARNING]: nplusone: Potential n+1 query detected on `Profile.user` ( notifiers.py:40)
2020-10-29 00:03:37: [WARNING]: nplusone: Potential n+1 query detected on `Profile.user` ( notifiers.py:40)
2020-10-29 00:03:37: [INFO]: django.server: "GET /forecasts/2/ HTTP/1.1" 200 76031 ( basehttp.py:157)
2020-10-29 00:03:37: [INFO]: django.server: "GET /static/js/common.js HTTP/1.1" 304 0 ( basehttp.py:157)
2020-10-29 00:03:37: [INFO]: django.server: "GET /static/img/temp_logo.png HTTP/1.1" 304 0 ( basehttp.py:157)
2020-10-29 00:03:37: [INFO]: django.server: "GET /media/fixtures/hAEWDjYA-2RAufVOk.png HTTP/1.1" 304 0 ( basehttp.py:157)
2020-10-29 00:03:37: [INFO]: django.server: "GET /static/img/kiev.jpg HTTP/1.1" 304 0 ( basehttp.py:157)
2020-10-29 00:03:37: [INFO]: django.server: "GET /static/img/fenix.png HTTP/1.1" 304 0 ( basehttp.py:157)
2020-10-29 00:03:37: [INFO]: django.server: "GET /media/fixtures/pUnjQbFG-hUGwHmde.png HTTP/1.1" 304 0 ( basehttp.py:157)
2020-10-29 00:03:37: [INFO]: django.server: "GET /static/img/fiesta.jpg HTTP/1.1" 304 0 ( basehttp.py:157)
2020-10-29 00:03:37: [INFO]: django.server: "GET /static/img/patriot.jpg HTTP/1.1" 304 0 ( basehttp.py:157)
2020-10-29 00:03:37: [INFO]: django.server: "GET /static/img/katran.png HTTP/1.1" 304 0 ( basehttp.py:157)
2020-10-29 00:03:37: [INFO]: django.server: "GET /static/img/kfkg.jpeg HTTP/1.1" 304 0 ( basehttp.py:157)
2020-10-29 00:03:37: [INFO]: django.server: "GET /static/img/charlotte.jpg HTTP/1.1" 200 31792 ( basehttp.py:157)
2020-10-29 00:03:38: [INFO]: django.server: "GET /static/img/arsenalna.jpg HTTP/1.1" 304 0 ( basehttp.py:157)
2020-10-29 00:03:37: [INFO]: django.server: "GET /static/img/smu.jpg HTTP/1.1" 304 0 ( basehttp.py:157)
2020-10-29 00:03:38: [INFO]: django.server: "GET /media/fixtures/Arsenal.png HTTP/1.1" 304 0 ( basehttp.py:157)
2020-10-29 00:03:38: [INFO]: django.server: "GET /media/fixtures/MUFC.png HTTP/1.1" 304 0 ( basehttp.py:157)
2020-10-29 00:03:38: [INFO]: django.server: "GET /static/img/arsenal.jpg HTTP/1.1" 304 0 ( basehttp.py:157)
2020-10-29 00:03:37: [INFO]: django.server: "GET /static/img/kiev-info.jpg HTTP/1.1" 304 0 ( basehttp.py:157)
2020-10-29 00:03:50: [INFO]: django.utils.autoreload: /home/tarn/Desktop/temp-website/apps/forecasts/views.py changed, reloading. ( autoreload.py:236)
2020-10-29 00:03:50: [DEBUG]: asyncio: Using selector: EpollSelector ( selector_events.py:59)
2020-10-29 00:03:50: [INFO]: django.utils.autoreload: Watching for file changes with StatReloader ( autoreload.py:613)
2020-10-29 00:03:52: [WARNING]: nplusone: Potential n+1 query detected on `Profile.user` ( notifiers.py:40)
2020-10-29 00:03:52: [WARNING]: nplusone: Potential n+1 query detected on `Profile.user` ( notifiers.py:40)
2020-10-29 00:03:52: [WARNING]: nplusone: Potential n+1 query detected on `Profile.user` ( notifiers.py:40)
2020-10-29 00:03:52: [WARNING]: nplusone: Potential n+1 query detected on `Profile.user` ( notifiers.py:40)
2020-10-29 00:03:52: [WARNING]: nplusone: Potential n+1 query detected on `Profile.user` ( notifiers.py:40)
2020-10-29 00:03:52: [ERROR]: django.request: Internal Server Error: /forecasts/2/ ( log.py:224)
Traceback (most recent call last):
  File "/home/tarn/.local/share/virtualenvs/temp-website-0a3D2xF1/lib/python3.8/site-packages/django/core/handlers/exception.py", line 47, in inner
    response = get_response(request)
  File "/home/tarn/.local/share/virtualenvs/temp-website-0a3D2xF1/lib/python3.8/site-packages/django/core/handlers/base.py", line 179, in _get_response
    response = wrapped_callback(request, *callback_args, **callback_kwargs)
  File "/home/tarn/.local/share/virtualenvs/temp-website-0a3D2xF1/lib/python3.8/site-packages/django/views/generic/base.py", line 70, in view
    return self.dispatch(request, *args, **kwargs)
  File "/home/tarn/.local/share/virtualenvs/temp-website-0a3D2xF1/lib/python3.8/site-packages/django/views/generic/base.py", line 98, in dispatch
    return handler(request, *args, **kwargs)
  File "/home/tarn/.local/share/virtualenvs/temp-website-0a3D2xF1/lib/python3.8/site-packages/django/views/generic/detail.py", line 106, in get
    self.object = self.get_object()
  File "/home/tarn/.local/share/virtualenvs/temp-website-0a3D2xF1/lib/python3.8/site-packages/django/views/generic/detail.py", line 52, in get_object
    obj = queryset.get()
  File "/home/tarn/.local/share/virtualenvs/temp-website-0a3D2xF1/lib/python3.8/site-packages/nplusone/core/signals.py", line 23, in wrapped
    ret = func(*args, **kwargs)
  File "/home/tarn/.local/share/virtualenvs/temp-website-0a3D2xF1/lib/python3.8/site-packages/django/db/models/query.py", line 425, in get
    num = len(clone)
  File "/home/tarn/.local/share/virtualenvs/temp-website-0a3D2xF1/lib/python3.8/site-packages/django/db/models/query.py", line 269, in __len__
    self._fetch_all()
  File "/home/tarn/.local/share/virtualenvs/temp-website-0a3D2xF1/lib/python3.8/site-packages/nplusone/ext/django/patch.py", line 295, in fetch_all
    original_fetch_all(self)
  File "/home/tarn/.local/share/virtualenvs/temp-website-0a3D2xF1/lib/python3.8/site-packages/django/db/models/query.py", line 1310, in _fetch_all
    self._prefetch_related_objects()
  File "/home/tarn/.local/share/virtualenvs/temp-website-0a3D2xF1/lib/python3.8/site-packages/django/db/models/query.py", line 814, in _prefetch_related_objects
    prefetch_related_objects(self._result_cache, *self._prefetch_related_lookups)
  File "/home/tarn/.local/share/virtualenvs/temp-website-0a3D2xF1/lib/python3.8/site-packages/django/db/models/query.py", line 1697, in prefetch_related_objects
    raise AttributeError("Cannot find '%s' on %s object, '%s' is an invalid "
AttributeError: Cannot find 'fixtures_home' on Forecast object, 'fixtures_home' is an invalid parameter to prefetch_related()
2020-10-29 00:03:52: [WARNING]: nplusone: Potential unnecessary eager load detected on `Forecast.predictions` ( notifiers.py:40)
2020-10-29 00:03:52: [ERROR]: django.server: "GET /forecasts/2/ HTTP/1.1" 500 122451 ( basehttp.py:157)
2020-10-29 00:03:59: [INFO]: django.utils.autoreload: /home/tarn/Desktop/temp-website/apps/forecasts/views.py changed, reloading. ( autoreload.py:236)
2020-10-29 00:03:59: [DEBUG]: asyncio: Using selector: EpollSelector ( selector_events.py:59)
2020-10-29 00:03:59: [INFO]: django.utils.autoreload: Watching for file changes with StatReloader ( autoreload.py:613)
2020-10-29 00:04:01: [WARNING]: nplusone: Potential n+1 query detected on `Fixture.guest` ( notifiers.py:40)
2020-10-29 00:04:01: [WARNING]: nplusone: Potential n+1 query detected on `Fixture.guest` ( notifiers.py:40)
2020-10-29 00:04:01: [WARNING]: nplusone: Potential n+1 query detected on `Fixture.guest` ( notifiers.py:40)
2020-10-29 00:04:01: [WARNING]: nplusone: Potential n+1 query detected on `Fixture.guest` ( notifiers.py:40)
2020-10-29 00:04:01: [WARNING]: nplusone: Potential n+1 query detected on `Fixture.guest` ( notifiers.py:40)
2020-10-29 00:04:01: [WARNING]: nplusone: Potential n+1 query detected on `Fixture.guest` ( notifiers.py:40)
2020-10-29 00:04:01: [WARNING]: nplusone: Potential n+1 query detected on `Profile.user` ( notifiers.py:40)
2020-10-29 00:04:01: [WARNING]: nplusone: Potential n+1 query detected on `Profile.user` ( notifiers.py:40)
2020-10-29 00:04:01: [WARNING]: nplusone: Potential n+1 query detected on `Profile.user` ( notifiers.py:40)
2020-10-29 00:04:01: [WARNING]: nplusone: Potential n+1 query detected on `Profile.user` ( notifiers.py:40)
2020-10-29 00:04:01: [INFO]: django.server: "GET /forecasts/2/ HTTP/1.1" 200 76031 ( basehttp.py:157)
2020-10-29 00:04:01: [INFO]: django.server: "GET /static/js/common.js HTTP/1.1" 304 0 ( basehttp.py:157)
2020-10-29 00:04:01: [INFO]: django.server: "GET /static/img/temp_logo.png HTTP/1.1" 304 0 ( basehttp.py:157)
2020-10-29 00:04:01: [INFO]: django.server: "GET /static/img/fenix.png HTTP/1.1" 304 0 ( basehttp.py:157)
2020-10-29 00:04:01: [INFO]: django.server: "GET /static/img/fiesta.jpg HTTP/1.1" 304 0 ( basehttp.py:157)
2020-10-29 00:04:01: [INFO]: django.server: "GET /static/img/kiev.jpg HTTP/1.1" 304 0 ( basehttp.py:157)
2020-10-29 00:04:01: [INFO]: django.server: "GET /static/img/patriot.jpg HTTP/1.1" 304 0 ( basehttp.py:157)
2020-10-29 00:04:01: [INFO]: django.server: "GET /static/img/kfkg.jpeg HTTP/1.1" 304 0 ( basehttp.py:157)
2020-10-29 00:04:01: [INFO]: django.server: "GET /static/img/kiev-info.jpg HTTP/1.1" 304 0 ( basehttp.py:157)
2020-10-29 00:04:01: [INFO]: django.server: "GET /media/fixtures/MUFC.png HTTP/1.1" 304 0 ( basehttp.py:157)
2020-10-29 00:04:01: [INFO]: django.server: "GET /media/fixtures/hAEWDjYA-2RAufVOk.png HTTP/1.1" 304 0 ( basehttp.py:157)
2020-10-29 00:04:01: [INFO]: django.server: "GET /media/fixtures/pUnjQbFG-hUGwHmde.png HTTP/1.1" 304 0 ( basehttp.py:157)
2020-10-29 00:04:01: [INFO]: django.server: "GET /static/img/smu.jpg HTTP/1.1" 304 0 ( basehttp.py:157)
2020-10-29 00:04:01: [INFO]: django.server: "GET /static/img/arsenalna.jpg HTTP/1.1" 200 35650 ( basehttp.py:157)
2020-10-29 00:04:01: [INFO]: django.server: "GET /static/img/charlotte.jpg HTTP/1.1" 200 31792 ( basehttp.py:157)
2020-10-29 00:04:01: [INFO]: django.server: "GET /static/img/arsenal.jpg HTTP/1.1" 200 40856 ( basehttp.py:157)
2020-10-29 00:04:01: [INFO]: django.server: "GET /media/fixtures/Arsenal.png HTTP/1.1" 200 10468 ( basehttp.py:157)
2020-10-29 00:04:01: [INFO]: django.server: "GET /static/img/katran.png HTTP/1.1" 304 0 ( basehttp.py:157)
2020-10-29 00:04:21: [INFO]: django.utils.autoreload: /home/tarn/Desktop/temp-website/apps/forecasts/views.py changed, reloading. ( autoreload.py:236)
2020-10-29 00:04:22: [DEBUG]: asyncio: Using selector: EpollSelector ( selector_events.py:59)
2020-10-29 00:04:22: [INFO]: django.utils.autoreload: Watching for file changes with StatReloader ( autoreload.py:613)
2020-10-29 00:04:23: [WARNING]: nplusone: Potential n+1 query detected on `Profile.user` ( notifiers.py:40)
2020-10-29 00:04:23: [WARNING]: nplusone: Potential n+1 query detected on `Profile.user` ( notifiers.py:40)
2020-10-29 00:04:23: [WARNING]: nplusone: Potential n+1 query detected on `Profile.user` ( notifiers.py:40)
2020-10-29 00:04:23: [WARNING]: nplusone: Potential n+1 query detected on `Profile.user` ( notifiers.py:40)
2020-10-29 00:04:23: [INFO]: django.server: "GET /forecasts/2/ HTTP/1.1" 200 76031 ( basehttp.py:157)
2020-10-29 00:04:23: [INFO]: django.server: "GET /static/js/common.js HTTP/1.1" 304 0 ( basehttp.py:157)
2020-10-29 00:04:23: [INFO]: django.server: "GET /static/img/temp_logo.png HTTP/1.1" 304 0 ( basehttp.py:157)
2020-10-29 00:04:23: [INFO]: django.server: "GET /static/img/katran.png HTTP/1.1" 304 0 ( basehttp.py:157)
2020-10-29 00:04:23: [INFO]: django.server: "GET /static/img/kiev.jpg HTTP/1.1" 304 0 ( basehttp.py:157)
2020-10-29 00:04:23: [INFO]: django.server: "GET /static/img/fiesta.jpg HTTP/1.1" 304 0 ( basehttp.py:157)
2020-10-29 00:04:23: [INFO]: django.server: "GET /static/img/patriot.jpg HTTP/1.1" 304 0 ( basehttp.py:157)
2020-10-29 00:04:23: [INFO]: django.server: "GET /static/img/smu.jpg HTTP/1.1" 304 0 ( basehttp.py:157)
2020-10-29 00:04:23: [INFO]: django.server: "GET /static/img/kfkg.jpeg HTTP/1.1" 304 0 ( basehttp.py:157)
2020-10-29 00:04:23: [INFO]: django.server: "GET /media/fixtures/pUnjQbFG-hUGwHmde.png HTTP/1.1" 304 0 ( basehttp.py:157)
2020-10-29 00:04:23: [INFO]: django.server: "GET /static/img/arsenal.jpg HTTP/1.1" 304 0 ( basehttp.py:157)
2020-10-29 00:04:23: [INFO]: django.server: "GET /static/img/fenix.png HTTP/1.1" 304 0 ( basehttp.py:157)
2020-10-29 00:04:23: [INFO]: django.server: "GET /media/fixtures/MUFC.png HTTP/1.1" 304 0 ( basehttp.py:157)
2020-10-29 00:04:23: [INFO]: django.server: "GET /media/fixtures/hAEWDjYA-2RAufVOk.png HTTP/1.1" 304 0 ( basehttp.py:157)
2020-10-29 00:04:23: [INFO]: django.server: "GET /static/img/kiev-info.jpg HTTP/1.1" 304 0 ( basehttp.py:157)
2020-10-29 00:04:23: [INFO]: django.server: "GET /static/img/charlotte.jpg HTTP/1.1" 304 0 ( basehttp.py:157)
2020-10-29 00:04:23: [INFO]: django.server: "GET /media/fixtures/Arsenal.png HTTP/1.1" 304 0 ( basehttp.py:157)
2020-10-29 00:04:23: [INFO]: django.server: "GET /static/img/arsenalna.jpg HTTP/1.1" 200 35650 ( basehttp.py:157)
2020-10-29 00:04:52: [INFO]: django.utils.autoreload: /home/tarn/Desktop/temp-website/apps/forecasts/views.py changed, reloading. ( autoreload.py:236)
2020-10-29 00:04:52: [DEBUG]: asyncio: Using selector: EpollSelector ( selector_events.py:59)
2020-10-29 00:04:52: [INFO]: django.utils.autoreload: Watching for file changes with StatReloader ( autoreload.py:613)
